<?xml version="1.0" encoding="UTF-8"?>
<!-- Generated by org.testng.reporters.JUnitReportReporter -->
<testsuite hostname="LP003536" failures="0" tests="3" name="Test.TestMethod_GoogleSearch" time="3.754" errors="0" timestamp="2023-09-03T19:44:38 IST" skipped="2">
  <testcase classname="Test.TestMethod_GoogleSearch" name="Verify_NCDR_AboutNCDR" time="3.754"/>
  <system-out/>
  <testcase classname="Test.TestMethod_GoogleSearch" name="SearchOperation">
    <skipped/>
  </testcase> <!-- SearchOperation -->
  <system-out/>
  <testcase classname="Test.TestMethod_GoogleSearch" name="VerifyandACCESS">
    <skipped/>
  </testcase> <!-- VerifyandACCESS -->
  <system-out/>
</testsuite> <!-- Test.TestMethod_GoogleSearch -->
