<?xml version="1.0" encoding="UTF-8"?>
<!-- Generated by org.testng.reporters.JUnitReportReporter -->
<testsuite hostname="LP003536" failures="0" tests="1" name="Test.footer" time="7.892" errors="0" timestamp="2023-09-14T14:10:16 IST" skipped="0">
  <testcase classname="Test.footer" name="Verify_Tab" time="7.892"/>
  <system-out/>
</testsuite> <!-- Test.footer -->
