<?xml version="1.0" encoding="UTF-8"?>
<!-- Generated by org.testng.reporters.JUnitReportReporter -->
<testsuite hostname="LP003536" failures="0" tests="1" name="Test.Tab" time="9.992" errors="0" timestamp="2023-09-13T20:27:31 IST" skipped="0">
  <testcase classname="Test.Tab" name="Verify_Tab" time="9.992"/>
  <system-out/>
</testsuite> <!-- Test.Tab -->
