<?xml version="1.0" encoding="UTF-8"?>
<!-- Generated by org.testng.reporters.JUnitReportReporter -->
<testsuite hostname="LP003536" failures="0" tests="3" name="Test.NCDR" time="23.836" errors="0" timestamp="2023-09-13T13:59:09 IST" skipped="2">
  <testcase classname="Test.NCDR" name="Verify_NCDR_AboutNCDR" time="23.836"/>
  <system-out/>
  <testcase classname="Test.NCDR" name="SearchOperation">
    <skipped/>
  </testcase> <!-- SearchOperation -->
  <system-out/>
  <testcase classname="Test.NCDR" name="VerifyandACCESS">
    <skipped/>
  </testcase> <!-- VerifyandACCESS -->
  <system-out/>
</testsuite> <!-- Test.NCDR -->
