<?xml version="1.0" encoding="UTF-8"?>
<!-- Generated by org.testng.reporters.JUnitReportReporter -->
<testsuite hostname="LP003536" failures="0" tests="1" name="Test.header" time="40.457" errors="0" timestamp="2023-09-13T13:59:09 IST" skipped="0">
  <testcase classname="Test.header" name="Verify_Tab" time="40.457"/>
  <system-out/>
</testsuite> <!-- Test.header -->
